[02:41:13] [main/INFO]: Using mbed TLS based native cipher.
[02:41:13] [main/INFO]: Using zlib based native compressor.
[02:41:13] [main/INFO]: Enabled Waterfall version git:Waterfall-Bootstrap:1.19-R0.1-SNAPSHOT:f6069e2:513
[02:41:13] [main/INFO]: Not on Windows, attempting to use enhanced EpollEventLoop
[02:41:13] [main/INFO]: Epoll is working, utilising it!
[02:41:13] [main/INFO]: Discovered module: ModuleSpec(name=cmd_alert, file=modules/cmd_alert.jar, provider=JenkinsModuleSource())
[02:41:13] [main/INFO]: Discovered module: ModuleSpec(name=cmd_find, file=modules/cmd_find.jar, provider=JenkinsModuleSource())
[02:41:13] [main/INFO]: Discovered module: ModuleSpec(name=cmd_list, file=modules/cmd_list.jar, provider=JenkinsModuleSource())
[02:41:13] [main/INFO]: Discovered module: ModuleSpec(name=cmd_send, file=modules/cmd_send.jar, provider=JenkinsModuleSource())
[02:41:13] [main/INFO]: Discovered module: ModuleSpec(name=cmd_server, file=modules/cmd_server.jar, provider=JenkinsModuleSource())
[02:41:13] [main/INFO]: Discovered module: ModuleSpec(name=reconnect_yaml, file=modules/reconnect_yaml.jar, provider=JenkinsModuleSource())
[02:41:13] [main/INFO]: Attempting to update plugin from null to ModuleVersion(build=513, git=f6069e2)
[02:41:13] [main/INFO]: Attempting to Jenkins download module cmd_alert v513
[02:41:14] [main/INFO]: Download complete
[02:41:14] [main/INFO]: Attempting to update plugin from null to ModuleVersion(build=513, git=f6069e2)
[02:41:14] [main/INFO]: Attempting to Jenkins download module cmd_find v513
[02:41:14] [main/INFO]: Download complete
[02:41:14] [main/INFO]: Attempting to update plugin from null to ModuleVersion(build=513, git=f6069e2)
[02:41:14] [main/INFO]: Attempting to Jenkins download module cmd_list v513
[02:41:14] [main/INFO]: Download complete
[02:41:14] [main/INFO]: Attempting to update plugin from null to ModuleVersion(build=513, git=f6069e2)
[02:41:14] [main/INFO]: Attempting to Jenkins download module cmd_send v513
[02:41:14] [main/INFO]: Download complete
[02:41:14] [main/INFO]: Attempting to update plugin from null to ModuleVersion(build=513, git=f6069e2)
[02:41:14] [main/INFO]: Attempting to Jenkins download module cmd_server v513
[02:41:14] [main/INFO]: Download complete
[02:41:14] [main/INFO]: Attempting to update plugin from null to ModuleVersion(build=513, git=f6069e2)
[02:41:14] [main/INFO]: Attempting to Jenkins download module reconnect_yaml v513
[02:41:14] [main/INFO]: Download complete
[02:41:14] [main/INFO]: Loaded plugin reconnect_yaml version git:reconnect_yaml:1.19-R0.1-SNAPSHOT:f6069e2:513 by WaterfallMC
[02:41:14] [main/INFO]: Loaded plugin cmd_find version git:cmd_find:1.19-R0.1-SNAPSHOT:f6069e2:513 by WaterfallMC
[02:41:14] [main/INFO]: Loaded plugin cmd_server version git:cmd_server:1.19-R0.1-SNAPSHOT:f6069e2:513 by WaterfallMC
[02:41:14] [main/INFO]: Loaded plugin cmd_alert version git:cmd_alert:1.19-R0.1-SNAPSHOT:f6069e2:513 by WaterfallMC
[02:41:14] [main/INFO]: Loaded plugin cmd_send version git:cmd_send:1.19-R0.1-SNAPSHOT:f6069e2:513 by WaterfallMC
[02:41:14] [main/INFO]: Loaded plugin cmd_list version git:cmd_list:1.19-R0.1-SNAPSHOT:f6069e2:513 by WaterfallMC
[02:41:14] [main/WARN]: :>:>:>:>:>:>:>:>:>:>:>:>:>:>:>:>:>:>:>:>:>:>:>
[02:41:14] [main/WARN]: :>  
[02:41:14] [main/WARN]: :>      EAGLERCRAFTXBUNGEE WARNING:
[02:41:14] [main/WARN]: :>  
[02:41:14] [main/WARN]: :>  This plugin wasn't tested to be 'working'
[02:41:14] [main/WARN]: :>  with ANY version of BungeeCord (and forks)
[02:41:14] [main/WARN]: :>  apart from the versions listed below:
[02:41:14] [main/WARN]: :>  
[02:41:14] [main/WARN]: :>  - BungeeCord: 1.20-R0.3-SNAPSHOT:eda268b:1797
[02:41:14] [main/WARN]: :>  - Waterfall: 1.20-R0.2-SNAPSHOT:92b5149:562
[02:41:14] [main/WARN]: :>  - FlameCord: 1.1.1
[02:41:14] [main/WARN]: :>  
[02:41:14] [main/WARN]: :>  This is not a Bukkit/Spigot plugin!
[02:41:14] [main/WARN]: :>  
[02:41:14] [main/WARN]: :>  Use "-Deaglerxbungee.stfu=true" to hide
[02:41:14] [main/WARN]: :>  
[02:41:14] [main/WARN]: :>:>:>:>:>:>:>:>:>:>:>:>:>:>:>:>:>:>:>:>:>:>:>
[02:41:14] [main/INFO] [EaglercraftXBungee]: Loading vanilla profile: lax1dude
[02:41:15] [Skin Download Thread #1/INFO] [EaglercraftXBungee]: Loaded vanilla profile: lax1dude
[02:41:15] [main/INFO]: Loaded plugin EaglercraftXBungee version 1.0.10 by lax1dude
[02:41:15] [main/WARN]: Forced host server pvp is not defined
[02:41:15] [main/INFO]: Enabled plugin reconnect_yaml version git:reconnect_yaml:1.19-R0.1-SNAPSHOT:f6069e2:513 by WaterfallMC
[02:41:15] [main/INFO]: Enabled plugin cmd_find version git:cmd_find:1.19-R0.1-SNAPSHOT:f6069e2:513 by WaterfallMC
[02:41:15] [main/INFO]: Enabled plugin cmd_server version git:cmd_server:1.19-R0.1-SNAPSHOT:f6069e2:513 by WaterfallMC
[02:41:15] [main/INFO]: Enabled plugin cmd_alert version git:cmd_alert:1.19-R0.1-SNAPSHOT:f6069e2:513 by WaterfallMC
[02:41:15] [main/INFO]: Enabled plugin cmd_send version git:cmd_send:1.19-R0.1-SNAPSHOT:f6069e2:513 by WaterfallMC
[02:41:15] [main/INFO]: Enabled plugin cmd_list version git:cmd_list:1.19-R0.1-SNAPSHOT:f6069e2:513 by WaterfallMC
[02:41:15] [main/ERROR] [EaglercraftXBungee]: Online mode is set to false! Authentication system has been disabled
[02:41:15] [Netty Worker IO Thread #0/INFO] [EaglercraftXBungee]: Eaglercraft is listening on: /0.0.0.0:8081
[02:41:15] [main/INFO] [EaglercraftXBungee]: Downloading from maven: https://repo1.maven.org/maven2/org/xerial/sqlite-jdbc/3.45.0.0/sqlite-jdbc-3.45.0.0.jar
[02:41:15] [main/INFO] [EaglercraftXBungee]: Connected to database: jdbc:sqlite:eaglercraft_skins_cache.db
[02:41:16] [EaglerXBungee: Network Tick Tasks/INFO] [EaglercraftXBungee]: Downloading new certificate: https://eaglercraft.com/backup.cert
[02:41:16] [main/INFO]: Enabled plugin EaglercraftXBungee version 1.0.10 by lax1dude
[02:41:16] [Netty Boss IO Thread #0/INFO]: Listening on /127.0.0.1:25577
[02:41:16] [EaglerXBungee: Network Tick Tasks/INFO] [EaglercraftXBungee]: Loaded certificate: /workspaces/RaptorSMP/bungee/plugins/EaglercraftXBungee/eagcert/$dl.2c63d6a9be9d273db57d50cb026093cb97ea6e54.cert
[02:47:47] [Netty Worker IO Thread #1/WARN] [EaglercraftXBungee]: Server icon is not a file: /workspaces/RaptorSMP/bungee/server-icon.png
[02:48:30] [Netty Worker IO Thread #0/INFO] [EaglercraftXBungee]: [/[0:0:0:0:0:0:0:1%0]:34646]: Connected via websocket
[02:48:30] [Netty Worker IO Thread #0/INFO] [EaglercraftXBungee]: [/[0:0:0:0:0:0:0:1%0]:34646]: Origin header is https://eaglercraft.com
[02:48:30] [Netty Worker IO Thread #0/INFO] [EaglercraftXBungee]: [/[0:0:0:0:0:0:0:1%0]:34646]: Logged in as 'teletubby'
[02:48:30] [Netty Worker IO Thread #0/INFO]: [/[0:0:0:0:0:0:0:1%0]:34646|teletubby] -> UpstreamBridge has connected
[02:48:30] [Netty Worker IO Thread #0/INFO]: [teletubby|/[0:0:0:0:0:0:0:1%0]:34646] <-> ServerConnector [lobby] has connected
[02:54:18] [Netty Worker IO Thread #2/INFO] [EaglercraftXBungee]: [/[0:0:0:0:0:0:0:1%0]:48816]: Connected via websocket
[02:54:18] [Netty Worker IO Thread #2/INFO] [EaglercraftXBungee]: [/[0:0:0:0:0:0:0:1%0]:48816]: Origin header is https://thestatesman.us
[02:54:18] [Netty Worker IO Thread #2/INFO] [EaglercraftXBungee]: [/[0:0:0:0:0:0:0:1%0]:48816]: Logged in as 'YeelerDeev817_'
[02:54:18] [Netty Worker IO Thread #2/INFO]: [/[0:0:0:0:0:0:0:1%0]:48816|YeelerDeev817_] -> UpstreamBridge has connected
[02:54:18] [Netty Worker IO Thread #2/INFO]: [YeelerDeev817_|/[0:0:0:0:0:0:0:1%0]:48816] <-> ServerConnector [lobby] has connected
[02:57:04] [Netty Worker IO Thread #2/INFO]: [/[0:0:0:0:0:0:0:1%0]:48816|YeelerDeev817_] -> UpstreamBridge has disconnected
[02:57:04] [Netty Worker IO Thread #2/INFO]: [YeelerDeev817_] disconnected with: Proxy lost connection to server.
[02:57:04] [Netty Worker IO Thread #2/INFO]: [/[0:0:0:0:0:0:0:1%0]:48816|YeelerDeev817_] <-> DownstreamBridge <-> [lobby] has disconnected
[02:57:35] [Netty Worker IO Thread #0/INFO]: [/[0:0:0:0:0:0:0:1%0]:34646|teletubby] -> UpstreamBridge has disconnected
[02:57:35] [Netty Worker IO Thread #0/INFO]: [teletubby] disconnected with: Proxy lost connection to server.
[02:57:35] [Netty Worker IO Thread #0/INFO]: [/[0:0:0:0:0:0:0:1%0]:34646|teletubby] <-> DownstreamBridge <-> [lobby] has disconnected
